[2022-04-13 23:39:17] [info] Start Program:
Path:"F:\faculta sem 2\OOP\Lab 6-7\Magazin\x64\Debug\Magazin.exe"
Arguments:
Working directory: "F:\faculta sem 2\OOP\Lab 6-7\Magazin\Magazin\"
Modules: Selected: F:\faculta sem 2\OOP\Lab 6-7\Magazin\x64\Debug\Magazin.exe Excluded: 
Sources: Selected: F:\faculta sem 2\OOP\Lab 6-7\Magazin\Magazin Excluded: 
Log Level: Normal
Cover Children: 0
Aggregate by file: 1
Continue after C++ exception: 0
Optimized build support: 0
Export: Binary C:\Users\nedel\AppData\Local\Temp\j2bn4iwa.dea 
Input coverage: 
Unified diff: 
Excluded line regular expressions: 
Substitute pdb source paths: 

[2022-04-13 23:39:18] [info] Module: F:\faculta sem 2\OOP\Lab 6-7\Magazin\x64\Debug\Magazin.exe is selected because it matches selected pattern: F:\faculta sem 2\OOP\Lab 6-7\Magazin\x64\Debug\Magazin.exe
[2022-04-13 23:39:20] [info] ----------------------------------------------------
[2022-04-13 23:39:20] [info] Coverage binary generated in file: C:\Users\nedel\AppData\Local\Temp\j2bn4iwa.dea
[2022-04-13 23:39:20] [info] ----------------------------------------------------
